<?xml version="1.0" encoding="UTF-8"?>
<!-- Generated by org.testng.reporters.JUnitReportReporter -->
<testsuite hostname="Prem" failures="0" tests="1" name="com.framework.tests.UI.ServiceTest" time="2.910" errors="0" timestamp="2025-10-08T09:39:23 IST" skipped="0">
  <testcase classname="com.framework.tests.UI.ServiceTest" name="ServicePageValidation" time="2.910"/>
</testsuite> <!-- com.framework.tests.UI.ServiceTest -->
