<?xml version="1.0" encoding="UTF-8"?>
<!-- Generated by org.testng.reporters.JUnitReportReporter -->
<testsuite hostname="Prem" failures="0" tests="1" name="com.framework.tests.UI.HomePageTest" time="7.294" errors="0" timestamp="2025-10-05T10:08:49 IST" skipped="0">
  <testcase classname="com.framework.tests.UI.HomePageTest" name="NegativeSubscribeValidaion" time="7.294"/>
</testsuite> <!-- com.framework.tests.UI.HomePageTest -->
