<?xml version="1.0" encoding="UTF-8"?>
<!-- Generated by org.testng.reporters.JUnitReportReporter -->
<testsuite hostname="Prem" failures="0" tests="1" name="com.framework.tests.ServiceTest" time="2.724" errors="0" timestamp="2025-10-05T09:52:26 IST" skipped="0">
  <testcase classname="com.framework.tests.ServiceTest" name="ServicePageValidation" time="2.724"/>
</testsuite> <!-- com.framework.tests.ServiceTest -->
