<?xml version="1.0" encoding="UTF-8"?>
<!-- Generated by org.testng.reporters.JUnitReportReporter -->
<testsuite hostname="Prem" failures="0" tests="2" name="com.framework.tests.API.ApiTest" time="3.704" errors="0" timestamp="2025-10-05T10:08:49 IST" skipped="0">
  <testcase classname="com.framework.tests.API.ApiTest" name="testCreatePost" time="2.336"/>
  <testcase classname="com.framework.tests.API.ApiTest" name="testGetUsers" time="1.368"/>
</testsuite> <!-- com.framework.tests.API.ApiTest -->
