<?xml version="1.0" encoding="UTF-8"?>
<!-- Generated by org.testng.reporters.JUnitReportReporter -->
<testsuite hostname="EC2AMAZ-SUSA003" failures="0" tests="1" name="com.framework.tests.UI.ServiceTest" time="18.991" errors="0" timestamp="2025-10-08T05:51:26 UTC" skipped="0">
  <testcase classname="com.framework.tests.UI.ServiceTest" name="ServicePageValidation" time="18.991"/>
</testsuite> <!-- com.framework.tests.UI.ServiceTest -->
