<?xml version="1.0" encoding="UTF-8"?>
<!-- Generated by org.testng.reporters.JUnitReportReporter -->
<testsuite hostname="Prem" failures="0" tests="2" name="com.framework.tests.API.ApiTest" time="2.552" errors="0" timestamp="2025-10-08T09:31:16 IST" skipped="0">
  <testcase classname="com.framework.tests.API.ApiTest" name="GetUsers" time="0.354"/>
  <testcase classname="com.framework.tests.API.ApiTest" name="CreatePostUser" time="2.198"/>
</testsuite> <!-- com.framework.tests.API.ApiTest -->
