<?xml version="1.0" encoding="UTF-8"?>
<!-- Generated by org.testng.reporters.JUnitReportReporter -->
<testsuite hostname="Prem" failures="0" tests="2" name="com.framework.tests.API.ApiTest" time="13.971" errors="0" timestamp="2025-10-05T12:39:24 IST" skipped="0">
  <testcase classname="com.framework.tests.API.ApiTest" name="testCreatePost" time="9.304"/>
  <testcase classname="com.framework.tests.API.ApiTest" name="testGetUsers" time="4.667"/>
</testsuite> <!-- com.framework.tests.API.ApiTest -->
