<?xml version="1.0" encoding="UTF-8"?>
<!-- Generated by org.testng.reporters.JUnitReportReporter -->
<testsuite hostname="EC2AMAZ-SUSA003" failures="0" tests="2" name="com.framework.tests.API.ApiTest" time="4.731" errors="0" timestamp="2025-10-09T15:08:01 UTC" skipped="0">
  <testcase classname="com.framework.tests.API.ApiTest" name="GetUsers" time="0.380"/>
  <testcase classname="com.framework.tests.API.ApiTest" name="CreatePostUser" time="4.351"/>
</testsuite> <!-- com.framework.tests.API.ApiTest -->
