<?xml version="1.0" encoding="UTF-8"?>
<!-- Generated by org.testng.reporters.JUnitReportReporter -->
<testsuite hostname="Prem" failures="0" tests="2" name="com.framework.tests.API.ApiTest" time="3.136" errors="0" timestamp="2025-10-05T19:09:28 IST" skipped="0">
  <testcase classname="com.framework.tests.API.ApiTest" name="GetUsers" time="0.429"/>
  <testcase classname="com.framework.tests.API.ApiTest" name="CreatePostUser" time="2.707"/>
</testsuite> <!-- com.framework.tests.API.ApiTest -->
