<?xml version="1.0" encoding="UTF-8"?>
<!-- Generated by org.testng.reporters.JUnitReportReporter -->
<testsuite hostname="Prem" failures="0" tests="1" name="com.framework.tests.ContactusTest" time="13.170" errors="0" timestamp="2025-10-05T09:52:26 IST" skipped="0">
  <testcase classname="com.framework.tests.ContactusTest" name="FormSubmission" time="13.170"/>
</testsuite> <!-- com.framework.tests.ContactusTest -->
