<?xml version="1.0" encoding="UTF-8"?>
<!-- Generated by org.testng.reporters.JUnitReportReporter -->
<testsuite hostname="EC2AMAZ-SUSA003" failures="0" tests="2" name="com.framework.tests.API.ApiTest" time="4.718" errors="0" timestamp="2025-10-08T05:51:26 UTC" skipped="0">
  <testcase classname="com.framework.tests.API.ApiTest" name="CreatePostUser" time="4.330"/>
  <testcase classname="com.framework.tests.API.ApiTest" name="GetUsers" time="0.388"/>
</testsuite> <!-- com.framework.tests.API.ApiTest -->
