<?xml version="1.0" encoding="UTF-8"?>
<!-- Generated by org.testng.reporters.JUnitReportReporter -->
<testsuite hostname="Prem" failures="0" tests="1" name="com.framework.tests.UI.HomePageTest" time="3.494" errors="0" timestamp="2025-10-05T21:23:13 IST" skipped="0">
  <testcase classname="com.framework.tests.UI.HomePageTest" name="HomePageBannerTextValidation" time="3.494"/>
</testsuite> <!-- com.framework.tests.UI.HomePageTest -->
