<?xml version="1.0" encoding="UTF-8"?>
<!-- Generated by org.testng.reporters.JUnitReportReporter -->
<testsuite hostname="Prem" failures="0" tests="3" name="com.framework.tests.contactUsTestPage" time="189.795" errors="0" timestamp="2025-10-04T19:34:09 IST" skipped="0">
  <testcase classname="com.framework.tests.contactUsTestPage" name="formValidation" time="68.416"/>
  <testcase classname="com.framework.tests.contactUsTestPage" name="formValidation" time="57.447"/>
  <testcase classname="com.framework.tests.contactUsTestPage" name="formValidation" time="63.932"/>
</testsuite> <!-- com.framework.tests.contactUsTestPage -->
