<?xml version="1.0" encoding="UTF-8"?>
<!-- Generated by org.testng.reporters.JUnitReportReporter -->
<testsuite hostname="EC2AMAZ-SUSA003" failures="0" tests="1" name="com.framework.tests.UI.ContactusTest" time="42.583" errors="0" timestamp="2025-10-08T12:07:26 UTC" skipped="0">
  <testcase classname="com.framework.tests.UI.ContactusTest" name="FormSubmission" time="42.583"/>
</testsuite> <!-- com.framework.tests.UI.ContactusTest -->
