<?xml version="1.0" encoding="UTF-8"?>
<!-- Generated by org.testng.reporters.JUnitReportReporter -->
<testsuite hostname="Prem" failures="0" tests="3" name="com.framework.tests.contactUsTestPage" time="46.733" errors="0" timestamp="2025-09-25T22:15:27 IST" skipped="0">
  <testcase classname="com.framework.tests.contactUsTestPage" name="formValidation" time="19.867"/>
  <testcase classname="com.framework.tests.contactUsTestPage" name="formValidation" time="11.375"/>
  <testcase classname="com.framework.tests.contactUsTestPage" name="formValidation" time="15.491"/>
</testsuite> <!-- com.framework.tests.contactUsTestPage -->
