<?xml version="1.0" encoding="UTF-8"?>
<!-- Generated by org.testng.reporters.JUnitReportReporter -->
<testsuite hostname="Prem" failures="0" tests="1" name="com.framework.tests.UI.HomePageTest" time="6.669" errors="0" timestamp="2025-10-05T12:39:24 IST" skipped="0">
  <testcase classname="com.framework.tests.UI.HomePageTest" name="NegativeSubscribeValidaion" time="6.669"/>
</testsuite> <!-- com.framework.tests.UI.HomePageTest -->
