<?xml version="1.0" encoding="UTF-8"?>
<!-- Generated by org.testng.reporters.JUnitReportReporter -->
<testsuite hostname="Prem" failures="0" tests="2" name="com.framework.tests.ApiTest" time="2.673" errors="0" timestamp="2025-10-05T09:52:26 IST" skipped="0">
  <testcase classname="com.framework.tests.ApiTest" name="testCreatePost" time="2.302"/>
  <testcase classname="com.framework.tests.ApiTest" name="testGetUsers" time="0.371"/>
</testsuite> <!-- com.framework.tests.ApiTest -->
