<?xml version="1.0" encoding="UTF-8"?>
<!-- Generated by org.testng.reporters.JUnitReportReporter -->
<testsuite hostname="Prem" failures="0" tests="1" name="com.framework.tests.UI.ContactusTest" time="13.731" errors="0" timestamp="2025-10-05T19:10:24 IST" skipped="0">
  <testcase classname="com.framework.tests.UI.ContactusTest" name="FormSubmission" time="13.731"/>
</testsuite> <!-- com.framework.tests.UI.ContactusTest -->
