<?xml version="1.0" encoding="UTF-8"?>
<!-- Generated by org.testng.reporters.JUnitReportReporter -->
<testsuite hostname="Prem" failures="0" tests="1" name="com.framework.tests.LoginTest" time="8.042" errors="0" timestamp="2025-09-24T23:52:20 IST" skipped="0">
  <testcase classname="com.framework.tests.LoginTest" name="verifyLogin" time="8.042"/>
</testsuite> <!-- com.framework.tests.LoginTest -->
