<?xml version="1.0" encoding="UTF-8"?>
<!-- Generated by org.testng.reporters.JUnitReportReporter -->
<testsuite hostname="Prem" failures="0" tests="1" name="com.framework.tests.HomePageTest" time="5.009" errors="0" timestamp="2025-10-05T09:52:26 IST" skipped="0">
  <testcase classname="com.framework.tests.HomePageTest" name="NegativeSubscribeValidaion" time="5.009"/>
</testsuite> <!-- com.framework.tests.HomePageTest -->
