<?xml version="1.0" encoding="UTF-8"?>
<!-- Generated by org.testng.reporters.JUnitReportReporter -->
<testsuite hostname="Prem" failures="0" tests="1" name="com.framework.tests.contactUsTestPage" time="39.851" errors="0" timestamp="2025-09-25T00:06:43 IST" skipped="0">
  <testcase classname="com.framework.tests.contactUsTestPage" name="verifyLogin" time="39.851"/>
</testsuite> <!-- com.framework.tests.contactUsTestPage -->
