<?xml version="1.0" encoding="UTF-8"?>
<!-- Generated by org.testng.reporters.JUnitReportReporter -->
<testsuite hostname="Prem" failures="0" tests="1" name="com.framework.tests.UI.ServiceTest" time="3.684" errors="0" timestamp="2025-10-05T10:08:49 IST" skipped="0">
  <testcase classname="com.framework.tests.UI.ServiceTest" name="ServicePageValidation" time="3.684"/>
</testsuite> <!-- com.framework.tests.UI.ServiceTest -->
